2021-12-27 17:20:41,177 [34mINFO [0;39m [[34mmain[0;39m] [33morg.springframework.boot.StartupInfoLogger[0;39m: Starting ThserverApplication using Java 16.0.2 on YOGA with PID 145212 (C:\Users\patri\IdeaProjects\git\thserver\target\classes started by patri in C:\Users\patri\IdeaProjects\git\thclient)
2021-12-27 17:20:41,191 [34mINFO [0;39m [[34mmain[0;39m] [33morg.springframework.boot.SpringApplication[0;39m: The following profiles are active: dev,sensormock
2021-12-27 17:20:42,005 [34mINFO [0;39m [[34mmain[0;39m] [33morg.springframework.data.repository.config.RepositoryConfigurationDelegate[0;39m: Bootstrapping Spring Data JPA repositories in DEFAULT mode.
2021-12-27 17:20:42,092 [34mINFO [0;39m [[34mmain[0;39m] [33morg.springframework.data.repository.config.RepositoryConfigurationDelegate[0;39m: Finished Spring Data repository scanning in 73 ms. Found 1 JPA repository interfaces.
2021-12-27 17:20:42,741 [34mINFO [0;39m [[34mmain[0;39m] [33morg.springframework.boot.web.embedded.tomcat.TomcatWebServer[0;39m: Tomcat initialized with port(s): 8080 (http)
2021-12-27 17:20:42,753 [34mINFO [0;39m [[34mmain[0;39m] [33morg.apache.juli.logging.DirectJDKLog[0;39m: The ["http-nio-8080"] connector has been configured to support HTTP upgrade to [h2c]
2021-12-27 17:20:42,754 [34mINFO [0;39m [[34mmain[0;39m] [33morg.apache.juli.logging.DirectJDKLog[0;39m: Initializing ProtocolHandler ["http-nio-8080"]
2021-12-27 17:20:42,755 [34mINFO [0;39m [[34mmain[0;39m] [33morg.apache.juli.logging.DirectJDKLog[0;39m: Starting service [Tomcat]
2021-12-27 17:20:42,756 [34mINFO [0;39m [[34mmain[0;39m] [33morg.apache.juli.logging.DirectJDKLog[0;39m: Starting Servlet engine: [Apache Tomcat/9.0.56]
2021-12-27 17:20:42,895 [34mINFO [0;39m [[34mmain[0;39m] [33morg.apache.juli.logging.DirectJDKLog[0;39m: Initializing Spring embedded WebApplicationContext
2021-12-27 17:20:42,896 [34mINFO [0;39m [[34mmain[0;39m] [33morg.springframework.boot.web.servlet.context.ServletWebServerApplicationContext[0;39m: Root WebApplicationContext: initialization completed in 1640 ms
2021-12-27 17:20:43,091 [34mINFO [0;39m [[34mmain[0;39m] [33morg.hibernate.jpa.internal.util.LogHelper[0;39m: HHH000204: Processing PersistenceUnitInfo [name: default]
2021-12-27 17:20:43,167 [34mINFO [0;39m [[34mmain[0;39m] [33morg.hibernate.Version[0;39m: HHH000412: Hibernate ORM core version 5.6.3.Final
2021-12-27 17:20:43,346 [34mINFO [0;39m [[34mmain[0;39m] [33morg.hibernate.annotations.common.reflection.java.JavaReflectionManager[0;39m: HCANN000001: Hibernate Commons Annotations {5.1.2.Final}
2021-12-27 17:20:43,468 [34mINFO [0;39m [[34mmain[0;39m] [33mcom.zaxxer.hikari.HikariDataSource[0;39m: HikariPool-1 - Starting...
2021-12-27 17:20:43,835 [34mINFO [0;39m [[34mmain[0;39m] [33mcom.zaxxer.hikari.HikariDataSource[0;39m: HikariPool-1 - Start completed.
2021-12-27 17:20:43,854 [34mINFO [0;39m [[34mmain[0;39m] [33morg.hibernate.dialect.Dialect[0;39m: HHH000400: Using dialect: org.hibernate.dialect.PostgreSQLDialect
2021-12-27 17:20:44,679 [34mINFO [0;39m [[34mmain[0;39m] [33morg.hibernate.engine.transaction.jta.platform.internal.JtaPlatformInitiator[0;39m: HHH000490: Using JtaPlatform implementation: [org.hibernate.engine.transaction.jta.platform.internal.NoJtaPlatform]
2021-12-27 17:20:44,688 [34mINFO [0;39m [[34mmain[0;39m] [33morg.springframework.orm.jpa.AbstractEntityManagerFactoryBean[0;39m: Initialized JPA EntityManagerFactory for persistence unit 'default'
2021-12-27 17:20:44,695 [34mINFO [0;39m [[34mmain[0;39m] [33mcom.x8ing.thsensor.thserver.ThserverApplication[0;39m: Created and initialized with heatingDataReadService=HeatingDataReadServiceMock
2021-12-27 17:20:45,066 [31mWARN [0;39m [[34mmain[0;39m] [33morg.springframework.boot.autoconfigure.orm.jpa.JpaBaseConfiguration$JpaWebConfiguration[0;39m: spring.jpa.open-in-view is enabled by default. Therefore, database queries may be performed during view rendering. Explicitly configure spring.jpa.open-in-view to disable this warning
2021-12-27 17:20:45,272 [34mINFO [0;39m [[34mmain[0;39m] [33morg.springframework.boot.autoconfigure.web.servlet.WelcomePageHandlerMapping[0;39m: Adding welcome page: class path resource [static/index.html]
2021-12-27 17:20:45,423 [34mINFO [0;39m [[34mmain[0;39m] [33morg.apache.juli.logging.DirectJDKLog[0;39m: Starting ProtocolHandler ["http-nio-8080"]
2021-12-27 17:20:45,445 [34mINFO [0;39m [[34mmain[0;39m] [33morg.springframework.boot.web.embedded.tomcat.TomcatWebServer[0;39m: Tomcat started on port(s): 8080 (http) with context path ''
2021-12-27 17:20:45,461 [34mINFO [0;39m [[34mmain[0;39m] [33morg.springframework.boot.StartupInfoLogger[0;39m: Started ThserverApplication in 5.087 seconds (JVM running for 6.242)
2021-12-27 17:20:45,465 [34mINFO [0;39m [[34mscheduling-1[0;39m] [33mcom.x8ing.thsensor.thserver.device.service.impl.HeatingDataReadServiceMock[0;39m: Return TemperatureHumidityEntity{id='HBD7ePoo5pdAxYkqC1duFg', boilerTemp=40.0, compressorHours=100, heatingIn=20.0, heatingOut=30.0, soleIn=10.0, soleOut=5.0, measurementDate=Mon Dec 27 17:20:45 CET 2021}
2021-12-27 17:20:45,563 [34mINFO [0;39m [[34mscheduling-1[0;39m] [33mcom.x8ing.thsensor.thserver.device.service.HeatingDataPoller[0;39m: Did poll data and persisted it successfully. dt=107
2021-12-27 17:21:05,579 [34mINFO [0;39m [[34mscheduling-1[0;39m] [33mcom.x8ing.thsensor.thserver.device.service.impl.HeatingDataReadServiceMock[0;39m: Return TemperatureHumidityEntity{id='VxDYVsbPX4TTsnoHMa8wLA', boilerTemp=40.666666666666664, compressorHours=120, heatingIn=20.666666666666668, heatingOut=30.666666666666668, soleIn=10.666666666666666, soleOut=5.666666666666667, measurementDate=Mon Dec 27 17:21:05 CET 2021}
2021-12-27 17:21:05,704 [34mINFO [0;39m [[34mscheduling-1[0;39m] [33mcom.x8ing.thsensor.thserver.device.service.HeatingDataPoller[0;39m: Did poll data and persisted it successfully. dt=125
2021-12-27 17:21:21,575 [34mINFO [0;39m [[34mhttp-nio-8080-exec-1[0;39m] [33morg.apache.juli.logging.DirectJDKLog[0;39m: Initializing Spring DispatcherServlet 'dispatcherServlet'
2021-12-27 17:21:21,576 [34mINFO [0;39m [[34mhttp-nio-8080-exec-1[0;39m] [33morg.springframework.web.servlet.FrameworkServlet[0;39m: Initializing Servlet 'dispatcherServlet'
2021-12-27 17:21:21,580 [34mINFO [0;39m [[34mhttp-nio-8080-exec-1[0;39m] [33morg.springframework.web.servlet.FrameworkServlet[0;39m: Completed initialization in 3 ms
2021-12-27 17:21:25,719 [34mINFO [0;39m [[34mscheduling-1[0;39m] [33mcom.x8ing.thsensor.thserver.device.service.impl.HeatingDataReadServiceMock[0;39m: Return TemperatureHumidityEntity{id='3Tf8R8epQUZNM7WUA7AzFB', boilerTemp=41.36666666666667, compressorHours=141, heatingIn=21.366666666666667, heatingOut=31.366666666666667, soleIn=11.366666666666667, soleOut=6.366666666666667, measurementDate=Mon Dec 27 17:21:25 CET 2021}
2021-12-27 17:21:25,736 [34mINFO [0;39m [[34mscheduling-1[0;39m] [33mcom.x8ing.thsensor.thserver.device.service.HeatingDataPoller[0;39m: Did poll data and persisted it successfully. dt=17
2021-12-27 17:21:45,748 [34mINFO [0;39m [[34mscheduling-1[0;39m] [33mcom.x8ing.thsensor.thserver.device.service.impl.HeatingDataReadServiceMock[0;39m: Return TemperatureHumidityEntity{id='KDdTdrpBwCNHtWU2wVwUk8', boilerTemp=42.03333333333333, compressorHours=161, heatingIn=22.03333333333333, heatingOut=32.03333333333333, soleIn=12.033333333333333, soleOut=7.033333333333333, measurementDate=Mon Dec 27 17:21:45 CET 2021}
2021-12-27 17:21:45,849 [34mINFO [0;39m [[34mscheduling-1[0;39m] [33mcom.x8ing.thsensor.thserver.device.service.HeatingDataPoller[0;39m: Did poll data and persisted it successfully. dt=101
2021-12-27 17:22:05,857 [34mINFO [0;39m [[34mscheduling-1[0;39m] [33mcom.x8ing.thsensor.thserver.device.service.impl.HeatingDataReadServiceMock[0;39m: Return TemperatureHumidityEntity{id='S4p1AZHyRoPa9VWWYzcSKN', boilerTemp=42.7, compressorHours=181, heatingIn=22.7, heatingOut=32.7, soleIn=12.7, soleOut=7.7, measurementDate=Mon Dec 27 17:22:05 CET 2021}
2021-12-27 17:22:05,886 [34mINFO [0;39m [[34mscheduling-1[0;39m] [33mcom.x8ing.thsensor.thserver.device.service.HeatingDataPoller[0;39m: Did poll data and persisted it successfully. dt=29
2021-12-27 17:22:25,896 [34mINFO [0;39m [[34mscheduling-1[0;39m] [33mcom.x8ing.thsensor.thserver.device.service.impl.HeatingDataReadServiceMock[0;39m: Return TemperatureHumidityEntity{id='K5DgEddmErQH2VXgwcCjTz', boilerTemp=43.36666666666667, compressorHours=201, heatingIn=23.366666666666667, heatingOut=33.36666666666667, soleIn=13.366666666666667, soleOut=8.366666666666667, measurementDate=Mon Dec 27 17:22:25 CET 2021}
2021-12-27 17:22:25,911 [34mINFO [0;39m [[34mscheduling-1[0;39m] [33mcom.x8ing.thsensor.thserver.device.service.HeatingDataPoller[0;39m: Did poll data and persisted it successfully. dt=16
2021-12-27 17:22:45,918 [34mINFO [0;39m [[34mscheduling-1[0;39m] [33mcom.x8ing.thsensor.thserver.device.service.impl.HeatingDataReadServiceMock[0;39m: Return TemperatureHumidityEntity{id='Hvwk6wrAKEfMQxQzXbBnLZ', boilerTemp=44.03333333333333, compressorHours=221, heatingIn=24.03333333333333, heatingOut=34.03333333333333, soleIn=14.033333333333333, soleOut=9.033333333333333, measurementDate=Mon Dec 27 17:22:45 CET 2021}
2021-12-27 17:22:46,040 [34mINFO [0;39m [[34mscheduling-1[0;39m] [33mcom.x8ing.thsensor.thserver.device.service.HeatingDataPoller[0;39m: Did poll data and persisted it successfully. dt=122
2021-12-27 17:23:06,044 [34mINFO [0;39m [[34mscheduling-1[0;39m] [33mcom.x8ing.thsensor.thserver.device.service.impl.HeatingDataReadServiceMock[0;39m: Return TemperatureHumidityEntity{id='CeDymY7d9SjjvgruQcbvD3', boilerTemp=44.7, compressorHours=241, heatingIn=24.7, heatingOut=34.7, soleIn=14.7, soleOut=9.7, measurementDate=Mon Dec 27 17:23:06 CET 2021}
2021-12-27 17:23:06,065 [34mINFO [0;39m [[34mscheduling-1[0;39m] [33mcom.x8ing.thsensor.thserver.device.service.HeatingDataPoller[0;39m: Did poll data and persisted it successfully. dt=21
2021-12-27 17:23:26,078 [34mINFO [0;39m [[34mscheduling-1[0;39m] [33mcom.x8ing.thsensor.thserver.device.service.impl.HeatingDataReadServiceMock[0;39m: Return TemperatureHumidityEntity{id='Pqj9YwxQdSr35HKoJAFPCs', boilerTemp=45.36666666666667, compressorHours=261, heatingIn=25.366666666666667, heatingOut=35.36666666666667, soleIn=15.366666666666667, soleOut=10.366666666666667, measurementDate=Mon Dec 27 17:23:26 CET 2021}
2021-12-27 17:23:26,092 [34mINFO [0;39m [[34mscheduling-1[0;39m] [33mcom.x8ing.thsensor.thserver.device.service.HeatingDataPoller[0;39m: Did poll data and persisted it successfully. dt=14
2021-12-27 17:23:46,096 [34mINFO [0;39m [[34mscheduling-1[0;39m] [33mcom.x8ing.thsensor.thserver.device.service.impl.HeatingDataReadServiceMock[0;39m: Return TemperatureHumidityEntity{id='E3q5g4E1omMFccfHLktujx', boilerTemp=46.03333333333333, compressorHours=281, heatingIn=26.03333333333333, heatingOut=36.03333333333333, soleIn=16.03333333333333, soleOut=11.033333333333333, measurementDate=Mon Dec 27 17:23:46 CET 2021}
2021-12-27 17:23:46,114 [34mINFO [0;39m [[34mscheduling-1[0;39m] [33mcom.x8ing.thsensor.thserver.device.service.HeatingDataPoller[0;39m: Did poll data and persisted it successfully. dt=19
2021-12-27 17:24:06,128 [34mINFO [0;39m [[34mscheduling-1[0;39m] [33mcom.x8ing.thsensor.thserver.device.service.impl.HeatingDataReadServiceMock[0;39m: Return TemperatureHumidityEntity{id='6v59UykV6PvYd2BGNCtpui', boilerTemp=46.7, compressorHours=301, heatingIn=26.7, heatingOut=36.7, soleIn=16.7, soleOut=11.7, measurementDate=Mon Dec 27 17:24:06 CET 2021}
2021-12-27 17:24:06,153 [34mINFO [0;39m [[34mscheduling-1[0;39m] [33mcom.x8ing.thsensor.thserver.device.service.HeatingDataPoller[0;39m: Did poll data and persisted it successfully. dt=26
2021-12-27 17:24:26,168 [34mINFO [0;39m [[34mscheduling-1[0;39m] [33mcom.x8ing.thsensor.thserver.device.service.impl.HeatingDataReadServiceMock[0;39m: Return TemperatureHumidityEntity{id='B9NoEh2rr8zY5jZaDg2uz3', boilerTemp=47.36666666666667, compressorHours=321, heatingIn=27.366666666666667, heatingOut=37.36666666666667, soleIn=17.366666666666667, soleOut=12.366666666666667, measurementDate=Mon Dec 27 17:24:26 CET 2021}
2021-12-27 17:24:26,201 [34mINFO [0;39m [[34mscheduling-1[0;39m] [33mcom.x8ing.thsensor.thserver.device.service.HeatingDataPoller[0;39m: Did poll data and persisted it successfully. dt=34
2021-12-27 17:24:46,204 [34mINFO [0;39m [[34mscheduling-1[0;39m] [33mcom.x8ing.thsensor.thserver.device.service.impl.HeatingDataReadServiceMock[0;39m: Return TemperatureHumidityEntity{id='UXb7Pqx1QLRvYyz3mn8QxU', boilerTemp=48.03333333333333, compressorHours=341, heatingIn=28.03333333333333, heatingOut=38.03333333333333, soleIn=18.03333333333333, soleOut=13.033333333333333, measurementDate=Mon Dec 27 17:24:46 CET 2021}
2021-12-27 17:24:46,231 [34mINFO [0;39m [[34mscheduling-1[0;39m] [33mcom.x8ing.thsensor.thserver.device.service.HeatingDataPoller[0;39m: Did poll data and persisted it successfully. dt=27
2021-12-27 17:25:06,241 [34mINFO [0;39m [[34mscheduling-1[0;39m] [33mcom.x8ing.thsensor.thserver.device.service.impl.HeatingDataReadServiceMock[0;39m: Return TemperatureHumidityEntity{id='Lt7Nj5NXgW5GwEAe8LmDWP', boilerTemp=48.7, compressorHours=361, heatingIn=28.7, heatingOut=38.7, soleIn=18.7, soleOut=13.7, measurementDate=Mon Dec 27 17:25:06 CET 2021}
2021-12-27 17:25:06,267 [34mINFO [0;39m [[34mscheduling-1[0;39m] [33mcom.x8ing.thsensor.thserver.device.service.HeatingDataPoller[0;39m: Did poll data and persisted it successfully. dt=26
2021-12-27 17:25:26,273 [34mINFO [0;39m [[34mscheduling-1[0;39m] [33mcom.x8ing.thsensor.thserver.device.service.impl.HeatingDataReadServiceMock[0;39m: Return TemperatureHumidityEntity{id='8NCCWrfj4CLAZcVVSV9qsV', boilerTemp=49.36666666666667, compressorHours=381, heatingIn=29.366666666666667, heatingOut=39.36666666666667, soleIn=19.366666666666667, soleOut=14.366666666666667, measurementDate=Mon Dec 27 17:25:26 CET 2021}
2021-12-27 17:25:26,305 [34mINFO [0;39m [[34mscheduling-1[0;39m] [33mcom.x8ing.thsensor.thserver.device.service.HeatingDataPoller[0;39m: Did poll data and persisted it successfully. dt=33
2021-12-27 17:25:46,320 [34mINFO [0;39m [[34mscheduling-1[0;39m] [33mcom.x8ing.thsensor.thserver.device.service.impl.HeatingDataReadServiceMock[0;39m: Return TemperatureHumidityEntity{id='HGjmUMUXJN6qwZSnEm4M9Z', boilerTemp=50.03333333333333, compressorHours=401, heatingIn=30.03333333333333, heatingOut=40.03333333333333, soleIn=20.03333333333333, soleOut=15.033333333333333, measurementDate=Mon Dec 27 17:25:46 CET 2021}
2021-12-27 17:25:46,342 [34mINFO [0;39m [[34mscheduling-1[0;39m] [33mcom.x8ing.thsensor.thserver.device.service.HeatingDataPoller[0;39m: Did poll data and persisted it successfully. dt=22
2021-12-27 17:26:06,356 [34mINFO [0;39m [[34mscheduling-1[0;39m] [33mcom.x8ing.thsensor.thserver.device.service.impl.HeatingDataReadServiceMock[0;39m: Return TemperatureHumidityEntity{id='3hcmpBoicZ962M13nWxE3p', boilerTemp=50.7, compressorHours=421, heatingIn=30.7, heatingOut=40.7, soleIn=20.7, soleOut=15.7, measurementDate=Mon Dec 27 17:26:06 CET 2021}
2021-12-27 17:26:06,465 [34mINFO [0;39m [[34mscheduling-1[0;39m] [33mcom.x8ing.thsensor.thserver.device.service.HeatingDataPoller[0;39m: Did poll data and persisted it successfully. dt=109
2021-12-27 17:26:26,474 [34mINFO [0;39m [[34mscheduling-1[0;39m] [33mcom.x8ing.thsensor.thserver.device.service.impl.HeatingDataReadServiceMock[0;39m: Return TemperatureHumidityEntity{id='FKPdXZxJATVYoQCELqTWmz', boilerTemp=51.36666666666667, compressorHours=441, heatingIn=31.366666666666667, heatingOut=41.36666666666667, soleIn=21.366666666666667, soleOut=16.366666666666667, measurementDate=Mon Dec 27 17:26:26 CET 2021}
2021-12-27 17:26:26,518 [34mINFO [0;39m [[34mscheduling-1[0;39m] [33mcom.x8ing.thsensor.thserver.device.service.HeatingDataPoller[0;39m: Did poll data and persisted it successfully. dt=44
2021-12-27 17:26:46,527 [34mINFO [0;39m [[34mscheduling-1[0;39m] [33mcom.x8ing.thsensor.thserver.device.service.impl.HeatingDataReadServiceMock[0;39m: Return TemperatureHumidityEntity{id='ukDUapgk4rgVtpsKrPrMyW', boilerTemp=52.03333333333333, compressorHours=461, heatingIn=32.03333333333333, heatingOut=42.03333333333333, soleIn=22.03333333333333, soleOut=17.03333333333333, measurementDate=Mon Dec 27 17:26:46 CET 2021}
2021-12-27 17:26:46,667 [34mINFO [0;39m [[34mscheduling-1[0;39m] [33mcom.x8ing.thsensor.thserver.device.service.HeatingDataPoller[0;39m: Did poll data and persisted it successfully. dt=140
2021-12-27 17:27:06,678 [34mINFO [0;39m [[34mscheduling-1[0;39m] [33mcom.x8ing.thsensor.thserver.device.service.impl.HeatingDataReadServiceMock[0;39m: Return TemperatureHumidityEntity{id='AzC6PHmQbVRwKCfuThRwkn', boilerTemp=52.7, compressorHours=481, heatingIn=32.7, heatingOut=42.7, soleIn=22.7, soleOut=17.7, measurementDate=Mon Dec 27 17:27:06 CET 2021}
2021-12-27 17:27:06,706 [34mINFO [0;39m [[34mscheduling-1[0;39m] [33mcom.x8ing.thsensor.thserver.device.service.HeatingDataPoller[0;39m: Did poll data and persisted it successfully. dt=28
2021-12-27 17:27:26,713 [34mINFO [0;39m [[34mscheduling-1[0;39m] [33mcom.x8ing.thsensor.thserver.device.service.impl.HeatingDataReadServiceMock[0;39m: Return TemperatureHumidityEntity{id='XX3ubkw53FGs2cLzQktWgw', boilerTemp=53.4, compressorHours=502, heatingIn=33.4, heatingOut=43.4, soleIn=23.4, soleOut=18.4, measurementDate=Mon Dec 27 17:27:26 CET 2021}
2021-12-27 17:27:26,735 [34mINFO [0;39m [[34mscheduling-1[0;39m] [33mcom.x8ing.thsensor.thserver.device.service.HeatingDataPoller[0;39m: Did poll data and persisted it successfully. dt=22
2021-12-27 17:27:46,750 [34mINFO [0;39m [[34mscheduling-1[0;39m] [33mcom.x8ing.thsensor.thserver.device.service.impl.HeatingDataReadServiceMock[0;39m: Return TemperatureHumidityEntity{id='Urm2wUnbBqkA7ZH6mxKaYH', boilerTemp=54.06666666666666, compressorHours=522, heatingIn=34.06666666666666, heatingOut=44.06666666666666, soleIn=24.066666666666666, soleOut=19.066666666666666, measurementDate=Mon Dec 27 17:27:46 CET 2021}
2021-12-27 17:27:46,804 [34mINFO [0;39m [[34mscheduling-1[0;39m] [33mcom.x8ing.thsensor.thserver.device.service.HeatingDataPoller[0;39m: Did poll data and persisted it successfully. dt=54
2021-12-27 17:28:06,552 [34mINFO [0;39m [[34mSpringApplicationShutdownHook[0;39m] [33morg.springframework.orm.jpa.AbstractEntityManagerFactoryBean[0;39m: Closing JPA EntityManagerFactory for persistence unit 'default'
2021-12-27 17:28:06,561 [34mINFO [0;39m [[34mSpringApplicationShutdownHook[0;39m] [33mcom.zaxxer.hikari.HikariDataSource[0;39m: HikariPool-1 - Shutdown initiated...
2021-12-27 17:28:06,581 [34mINFO [0;39m [[34mSpringApplicationShutdownHook[0;39m] [33mcom.zaxxer.hikari.HikariDataSource[0;39m: HikariPool-1 - Shutdown completed.
